0 info it worked if it ends with ok
1 verbose cli [ 'node', '/usr/local/bin/npm', 'owner', 'ls', 'mbti-express' ]
2 info using npm@1.4.14
3 info using node@v0.10.29
4 verbose url raw mbti-express
5 verbose url resolving [ 'https://registry.npmjs.org/', './mbti-express' ]
6 verbose url resolved https://registry.npmjs.org/mbti-express
7 info trying registry request attempt 1 at 13:56:38
8 http GET https://registry.npmjs.org/mbti-express
9 http 404 https://registry.npmjs.org/mbti-express
10 verbose headers { date: 'Tue, 08 Jul 2014 12:56:39 GMT',
10 verbose headers   server: 'CouchDB/1.5.0 (Erlang OTP/R14B04)',
10 verbose headers   'content-type': 'application/json',
10 verbose headers   'cache-control': 'max-age=0',
10 verbose headers   'content-length': '52',
10 verbose headers   'accept-ranges': 'bytes',
10 verbose headers   via: '1.1 varnish',
10 verbose headers   age: '0',
10 verbose headers   'x-served-by': 'cache-fra1229-FRA',
10 verbose headers   'x-cache': 'MISS',
10 verbose headers   'x-cache-hits': '0',
10 verbose headers   'x-timer': 'S1404824199.281512,VS0,VE96',
10 verbose headers   'keep-alive': 'timeout=10, max=50',
10 verbose headers   connection: 'Keep-Alive' }
11 silly registry.get cb [ 404,
11 silly registry.get   { date: 'Tue, 08 Jul 2014 12:56:39 GMT',
11 silly registry.get     server: 'CouchDB/1.5.0 (Erlang OTP/R14B04)',
11 silly registry.get     'content-type': 'application/json',
11 silly registry.get     'cache-control': 'max-age=0',
11 silly registry.get     'content-length': '52',
11 silly registry.get     'accept-ranges': 'bytes',
11 silly registry.get     via: '1.1 varnish',
11 silly registry.get     age: '0',
11 silly registry.get     'x-served-by': 'cache-fra1229-FRA',
11 silly registry.get     'x-cache': 'MISS',
11 silly registry.get     'x-cache-hits': '0',
11 silly registry.get     'x-timer': 'S1404824199.281512,VS0,VE96',
11 silly registry.get     'keep-alive': 'timeout=10, max=50',
11 silly registry.get     connection: 'Keep-Alive' } ]
12 error owner ls Couldn't get owner data mbti-express
13 error 404 404 Not Found: mbti-express
13 error 404
13 error 404 'mbti-express' is not in the npm registry.
13 error 404 You should bug the author to publish it
13 error 404
13 error 404 Note that you can also install from a
13 error 404 tarball, folder, or http url, or git url.
14 error System Darwin 13.2.0
15 error command "node" "/usr/local/bin/npm" "owner" "ls" "mbti-express"
16 error cwd /Users/kader/Webdev/api/mbti-express
17 error node -v v0.10.29
18 error npm -v 1.4.14
19 error code E404
20 verbose exit [ 1, true ]
